<?xml version="1.0" encoding="UTF-8"?>
<testsuite name="com.converter.services.formatter.InputFormatterImplTest" tests="2" skipped="0" failures="0" errors="0" timestamp="2016-08-09T13:49:13" hostname="UK138745.local" time="0.006">
  <properties/>
  <testcase name="testFormatCatCurrency_returnsInvalidInputResponseWhenProvidedInvalidInput" classname="com.converter.services.formatter.InputFormatterImplTest" time="0.002"/>
  <testcase name="testFormatCatCurrency_createsArrayOfSubStringCurrencyWords" classname="com.converter.services.formatter.InputFormatterImplTest" time="0.003"/>
  <system-out><![CDATA[]]></system-out>
  <system-err><![CDATA[]]></system-err>
</testsuite>
